{"/root/COLLABO/studentrant-api/__test__/login.test.js":{"path":"/root/COLLABO/studentrant-api/__test__/login.test.js","s":{"1":1,"2":1,"3":1,"4":1,"5":1,"6":1,"7":1,"8":1,"9":1,"10":1,"11":1},"b":{},"f":{},"fnMap":{},"statementMap":{"1":{"start":{"line":3,"column":0},"end":{"line":3,"column":39}},"2":{"start":{"line":4,"column":0},"end":{"line":4,"column":42}},"3":{"start":{"line":5,"column":0},"end":{"line":5,"column":33}},"4":{"start":{"line":8,"column":0},"end":{"line":8,"column":52}},"5":{"start":{"line":11,"column":0},"end":{"line":23,"column":3}},"6":{"start":{"line":12,"column":4},"end":{"line":22,"column":7}},"7":{"start":{"line":13,"column":1},"end":{"line":13,"column":19}},"8":{"start":{"line":14,"column":1},"end":{"line":21,"column":8}},"9":{"start":{"line":18,"column":2},"end":{"line":18,"column":29}},"10":{"start":{"line":19,"column":2},"end":{"line":19,"column":77}},"11":{"start":{"line":20,"column":2},"end":{"line":20,"column":9}}},"branchMap":{}},"/root/COLLABO/studentrant-api/server.js":{"path":"/root/COLLABO/studentrant-api/server.js","s":{"1":1,"2":1,"3":1,"4":1,"5":1,"6":1,"7":1,"8":1,"9":1,"10":1,"11":1},"b":{"1":[1,1]},"f":{},"fnMap":{},"statementMap":{"1":{"start":{"line":3,"column":0},"end":{"line":3,"column":27}},"2":{"start":{"line":5,"column":0},"end":{"line":5,"column":37}},"3":{"start":{"line":6,"column":0},"end":{"line":6,"column":36}},"4":{"start":{"line":7,"column":0},"end":{"line":7,"column":28}},"5":{"start":{"line":9,"column":0},"end":{"line":9,"column":39}},"6":{"start":{"line":12,"column":0},"end":{"line":12,"column":42}},"7":{"start":{"line":15,"column":0},"end":{"line":15,"column":18}},"8":{"start":{"line":19,"column":0},"end":{"line":19,"column":33}},"9":{"start":{"line":24,"column":0},"end":{"line":26,"column":3}},"10":{"start":{"line":25,"column":4},"end":{"line":25,"column":56}},"11":{"start":{"line":29,"column":0},"end":{"line":29,"column":21}}},"branchMap":{"1":{"line":12,"type":"binary-expr","locations":[{"start":{"line":12,"column":16},"end":{"line":12,"column":32}},{"start":{"line":12,"column":36},"end":{"line":12,"column":40}}]}}},"/root/COLLABO/studentrant-api/models/con.js":{"path":"/root/COLLABO/studentrant-api/models/con.js","s":{"1":1,"2":1,"3":1,"4":1,"5":1,"6":1,"7":1,"8":1,"9":1,"10":1,"11":1},"b":{"1":[1,1]},"f":{},"fnMap":{},"statementMap":{"1":{"start":{"line":1,"column":0},"end":{"line":1,"column":37}},"2":{"start":{"line":2,"column":0},"end":{"line":2,"column":41}},"3":{"start":{"line":4,"column":0},"end":{"line":20,"column":2}},"4":{"start":{"line":19,"column":13},"end":{"line":19,"column":40}},"5":{"start":{"line":22,"column":0},"end":{"line":22,"column":31}},"6":{"start":{"line":24,"column":0},"end":{"line":24,"column":127}},"7":{"start":{"line":26,"column":0},"end":{"line":28,"column":3}},"8":{"start":{"line":26,"column":28},"end":{"line":28,"column":1}},"9":{"start":{"line":30,"column":0},"end":{"line":30,"column":131}},"10":{"start":{"line":30,"column":21},"end":{"line":30,"column":129}},"11":{"start":{"line":32,"column":0},"end":{"line":32,"column":20}}},"branchMap":{"1":{"line":19,"type":"binary-expr","locations":[{"start":{"line":19,"column":13},"end":{"line":19,"column":18}},{"start":{"line":19,"column":22},"end":{"line":19,"column":40}}]}}},"/root/COLLABO/studentrant-api/config.js":{"path":"/root/COLLABO/studentrant-api/config.js","s":{"1":1,"2":1,"3":1,"4":0,"5":0,"6":0,"7":0,"8":0,"9":0,"10":0,"11":0,"12":1,"13":1,"14":1,"15":1,"16":1,"17":1,"18":1,"19":1},"b":{"1":[0,1],"2":[1,0]},"f":{},"fnMap":{},"statementMap":{"1":{"start":{"line":1,"column":0},"end":{"line":1,"column":35}},"2":{"start":{"line":5,"column":0},"end":{"line":66,"column":3}},"3":{"start":{"line":69,"column":0},"end":{"line":79,"column":1}},"4":{"start":{"line":70,"column":4},"end":{"line":70,"column":54}},"5":{"start":{"line":71,"column":4},"end":{"line":71,"column":54}},"6":{"start":{"line":72,"column":4},"end":{"line":72,"column":56}},"7":{"start":{"line":74,"column":4},"end":{"line":74,"column":54}},"8":{"start":{"line":75,"column":4},"end":{"line":75,"column":54}},"9":{"start":{"line":76,"column":4},"end":{"line":76,"column":56}},"10":{"start":{"line":77,"column":4},"end":{"line":77,"column":56}},"11":{"start":{"line":78,"column":4},"end":{"line":78,"column":80}},"12":{"start":{"line":81,"column":0},"end":{"line":85,"column":1}},"13":{"start":{"line":82,"column":4},"end":{"line":82,"column":57}},"14":{"start":{"line":83,"column":4},"end":{"line":83,"column":57}},"15":{"start":{"line":84,"column":4},"end":{"line":84,"column":59}},"16":{"start":{"line":89,"column":0},"end":{"line":99,"column":2}},"17":{"start":{"line":101,"column":0},"end":{"line":104,"column":2}},"18":{"start":{"line":105,"column":0},"end":{"line":105,"column":63}},"19":{"start":{"line":106,"column":0},"end":{"line":106,"column":24}}},"branchMap":{"1":{"line":69,"type":"if","locations":[{"start":{"line":69,"column":0},"end":{"line":69,"column":0}},{"start":{"line":69,"column":0},"end":{"line":69,"column":0}}]},"2":{"line":81,"type":"if","locations":[{"start":{"line":81,"column":0},"end":{"line":81,"column":0}},{"start":{"line":81,"column":0},"end":{"line":81,"column":0}}]}}},"/root/COLLABO/studentrant-api/routes/index.js":{"path":"/root/COLLABO/studentrant-api/routes/index.js","s":{"1":1},"b":{},"f":{},"fnMap":{},"statementMap":{"1":{"start":{"line":3,"column":0},"end":{"line":5,"column":2}}},"branchMap":{}},"/root/COLLABO/studentrant-api/routes/login/index.js":{"path":"/root/COLLABO/studentrant-api/routes/login/index.js","s":{"1":1,"2":1,"3":1,"4":1,"5":1},"b":{},"f":{},"fnMap":{},"statementMap":{"1":{"start":{"line":2,"column":0},"end":{"line":2,"column":38}},"2":{"start":{"line":3,"column":0},"end":{"line":3,"column":36}},"3":{"start":{"line":5,"column":0},"end":{"line":5,"column":57}},"4":{"start":{"line":8,"column":0},"end":{"line":8,"column":33}},"5":{"start":{"line":10,"column":0},"end":{"line":10,"column":23}}},"branchMap":{}},"/root/COLLABO/studentrant-api/constants/index.js":{"path":"/root/COLLABO/studentrant-api/constants/index.js","s":{"1":1},"b":{},"f":{},"fnMap":{},"statementMap":{"1":{"start":{"line":3,"column":0},"end":{"line":5,"column":2}}},"branchMap":{}},"/root/COLLABO/studentrant-api/constants/login.constants.js":{"path":"/root/COLLABO/studentrant-api/constants/login.constants.js","s":{"1":1},"b":{},"f":{},"fnMap":{},"statementMap":{"1":{"start":{"line":1,"column":0},"end":{"line":3,"column":2}}},"branchMap":{}}}