{"/root/COLLABO/studentrant-api/__test__/login.test.js":{"path":"/root/COLLABO/studentrant-api/__test__/login.test.js","s":{"1":1,"2":1,"3":1,"4":1,"5":1,"6":1,"7":1,"8":1,"9":1,"10":1,"11":1,"12":1,"13":1,"14":1,"15":1,"16":1,"17":1,"18":1,"19":1,"20":1,"21":1,"22":1,"23":1,"24":1,"25":1,"26":1,"27":1,"28":1,"29":1,"30":1,"31":1,"32":1,"33":1,"34":1,"35":1,"36":1,"37":1,"38":1,"39":1,"40":1},"b":{},"f":{},"fnMap":{},"statementMap":{"1":{"start":{"line":3,"column":0},"end":{"line":3,"column":39}},"2":{"start":{"line":4,"column":0},"end":{"line":4,"column":42}},"3":{"start":{"line":5,"column":0},"end":{"line":5,"column":33}},"4":{"start":{"line":8,"column":0},"end":{"line":8,"column":52}},"5":{"start":{"line":11,"column":0},"end":{"line":89,"column":3}},"6":{"start":{"line":12,"column":4},"end":{"line":21,"column":7}},"7":{"start":{"line":13,"column":1},"end":{"line":20,"column":8}},"8":{"start":{"line":17,"column":2},"end":{"line":17,"column":25}},"9":{"start":{"line":18,"column":2},"end":{"line":18,"column":83}},"10":{"start":{"line":19,"column":2},"end":{"line":19,"column":9}},"11":{"start":{"line":23,"column":4},"end":{"line":32,"column":7}},"12":{"start":{"line":24,"column":1},"end":{"line":31,"column":8}},"13":{"start":{"line":28,"column":2},"end":{"line":28,"column":25}},"14":{"start":{"line":29,"column":2},"end":{"line":29,"column":81}},"15":{"start":{"line":30,"column":2},"end":{"line":30,"column":9}},"16":{"start":{"line":34,"column":4},"end":{"line":43,"column":7}},"17":{"start":{"line":35,"column":1},"end":{"line":42,"column":8}},"18":{"start":{"line":39,"column":2},"end":{"line":39,"column":25}},"19":{"start":{"line":40,"column":2},"end":{"line":40,"column":83}},"20":{"start":{"line":41,"column":2},"end":{"line":41,"column":9}},"21":{"start":{"line":45,"column":4},"end":{"line":54,"column":7}},"22":{"start":{"line":46,"column":1},"end":{"line":53,"column":8}},"23":{"start":{"line":50,"column":2},"end":{"line":50,"column":25}},"24":{"start":{"line":51,"column":2},"end":{"line":51,"column":81}},"25":{"start":{"line":52,"column":2},"end":{"line":52,"column":9}},"26":{"start":{"line":56,"column":4},"end":{"line":65,"column":7}},"27":{"start":{"line":57,"column":1},"end":{"line":64,"column":8}},"28":{"start":{"line":61,"column":2},"end":{"line":61,"column":25}},"29":{"start":{"line":62,"column":2},"end":{"line":62,"column":83}},"30":{"start":{"line":63,"column":2},"end":{"line":63,"column":9}},"31":{"start":{"line":67,"column":4},"end":{"line":76,"column":7}},"32":{"start":{"line":68,"column":1},"end":{"line":75,"column":8}},"33":{"start":{"line":72,"column":2},"end":{"line":72,"column":25}},"34":{"start":{"line":73,"column":2},"end":{"line":73,"column":83}},"35":{"start":{"line":74,"column":2},"end":{"line":74,"column":9}},"36":{"start":{"line":78,"column":4},"end":{"line":88,"column":7}},"37":{"start":{"line":79,"column":1},"end":{"line":86,"column":8}},"38":{"start":{"line":83,"column":2},"end":{"line":83,"column":25}},"39":{"start":{"line":84,"column":2},"end":{"line":84,"column":77}},"40":{"start":{"line":85,"column":2},"end":{"line":85,"column":9}}},"branchMap":{}},"/root/COLLABO/studentrant-api/server.js":{"path":"/root/COLLABO/studentrant-api/server.js","s":{"1":1,"2":1,"3":1,"4":1,"5":1,"6":1,"7":1,"8":1,"9":1,"10":1,"11":1,"12":1,"13":1,"14":1,"15":1,"16":1,"17":1},"b":{"1":[1,1]},"f":{},"fnMap":{},"statementMap":{"1":{"start":{"line":3,"column":0},"end":{"line":3,"column":27}},"2":{"start":{"line":4,"column":0},"end":{"line":4,"column":44}},"3":{"start":{"line":5,"column":0},"end":{"line":5,"column":40}},"4":{"start":{"line":6,"column":0},"end":{"line":6,"column":44}},"5":{"start":{"line":7,"column":0},"end":{"line":7,"column":39}},"6":{"start":{"line":8,"column":0},"end":{"line":8,"column":48}},"7":{"start":{"line":9,"column":0},"end":{"line":9,"column":65}},"8":{"start":{"line":10,"column":0},"end":{"line":10,"column":31}},"9":{"start":{"line":12,"column":0},"end":{"line":12,"column":42}},"10":{"start":{"line":13,"column":0},"end":{"line":21,"column":3}},"11":{"start":{"line":24,"column":0},"end":{"line":24,"column":42}},"12":{"start":{"line":27,"column":0},"end":{"line":27,"column":18}},"13":{"start":{"line":28,"column":0},"end":{"line":28,"column":25}},"14":{"start":{"line":31,"column":0},"end":{"line":31,"column":33}},"15":{"start":{"line":36,"column":0},"end":{"line":38,"column":3}},"16":{"start":{"line":37,"column":4},"end":{"line":37,"column":56}},"17":{"start":{"line":41,"column":0},"end":{"line":41,"column":21}}},"branchMap":{"1":{"line":24,"type":"binary-expr","locations":[{"start":{"line":24,"column":16},"end":{"line":24,"column":32}},{"start":{"line":24,"column":36},"end":{"line":24,"column":40}}]}}},"/root/COLLABO/studentrant-api/models/con.js":{"path":"/root/COLLABO/studentrant-api/models/con.js","s":{"1":1,"2":1,"3":1,"4":1,"5":1,"6":1,"7":1,"8":0,"9":1,"10":0,"11":1},"b":{"1":[1,0]},"f":{},"fnMap":{},"statementMap":{"1":{"start":{"line":1,"column":0},"end":{"line":1,"column":37}},"2":{"start":{"line":2,"column":0},"end":{"line":2,"column":41}},"3":{"start":{"line":4,"column":0},"end":{"line":19,"column":2}},"4":{"start":{"line":18,"column":13},"end":{"line":18,"column":40}},"5":{"start":{"line":21,"column":0},"end":{"line":21,"column":31}},"6":{"start":{"line":23,"column":0},"end":{"line":23,"column":127}},"7":{"start":{"line":25,"column":0},"end":{"line":27,"column":3}},"8":{"start":{"line":25,"column":28},"end":{"line":27,"column":1}},"9":{"start":{"line":29,"column":0},"end":{"line":29,"column":131}},"10":{"start":{"line":29,"column":21},"end":{"line":29,"column":129}},"11":{"start":{"line":31,"column":0},"end":{"line":31,"column":20}}},"branchMap":{"1":{"line":18,"type":"binary-expr","locations":[{"start":{"line":18,"column":13},"end":{"line":18,"column":18}},{"start":{"line":18,"column":22},"end":{"line":18,"column":40}}]}}},"/root/COLLABO/studentrant-api/config.js":{"path":"/root/COLLABO/studentrant-api/config.js","s":{"1":1,"2":1,"3":1,"4":0,"5":0,"6":0,"7":0,"8":0,"9":0,"10":0,"11":0,"12":1,"13":1,"14":1,"15":1,"16":1,"17":1,"18":1},"b":{"1":[0,1],"2":[1,0]},"f":{},"fnMap":{},"statementMap":{"1":{"start":{"line":1,"column":0},"end":{"line":1,"column":35}},"2":{"start":{"line":5,"column":0},"end":{"line":70,"column":3}},"3":{"start":{"line":73,"column":0},"end":{"line":83,"column":1}},"4":{"start":{"line":74,"column":4},"end":{"line":74,"column":54}},"5":{"start":{"line":75,"column":4},"end":{"line":75,"column":54}},"6":{"start":{"line":76,"column":4},"end":{"line":76,"column":56}},"7":{"start":{"line":78,"column":4},"end":{"line":78,"column":54}},"8":{"start":{"line":79,"column":4},"end":{"line":79,"column":54}},"9":{"start":{"line":80,"column":4},"end":{"line":80,"column":56}},"10":{"start":{"line":81,"column":4},"end":{"line":81,"column":56}},"11":{"start":{"line":82,"column":4},"end":{"line":82,"column":80}},"12":{"start":{"line":85,"column":0},"end":{"line":89,"column":1}},"13":{"start":{"line":86,"column":4},"end":{"line":86,"column":57}},"14":{"start":{"line":87,"column":4},"end":{"line":87,"column":57}},"15":{"start":{"line":88,"column":4},"end":{"line":88,"column":59}},"16":{"start":{"line":93,"column":0},"end":{"line":103,"column":2}},"17":{"start":{"line":105,"column":0},"end":{"line":108,"column":2}},"18":{"start":{"line":110,"column":0},"end":{"line":110,"column":24}}},"branchMap":{"1":{"line":73,"type":"if","locations":[{"start":{"line":73,"column":0},"end":{"line":73,"column":0}},{"start":{"line":73,"column":0},"end":{"line":73,"column":0}}]},"2":{"line":85,"type":"if","locations":[{"start":{"line":85,"column":0},"end":{"line":85,"column":0}},{"start":{"line":85,"column":0},"end":{"line":85,"column":0}}]}}},"/root/COLLABO/studentrant-api/routes/index.js":{"path":"/root/COLLABO/studentrant-api/routes/index.js","s":{"1":1},"b":{},"f":{},"fnMap":{},"statementMap":{"1":{"start":{"line":3,"column":0},"end":{"line":5,"column":2}}},"branchMap":{}},"/root/COLLABO/studentrant-api/routes/login/index.js":{"path":"/root/COLLABO/studentrant-api/routes/login/index.js","s":{"1":1,"2":1,"3":1,"4":1,"5":1,"6":1},"b":{},"f":{},"fnMap":{},"statementMap":{"1":{"start":{"line":2,"column":0},"end":{"line":2,"column":38}},"2":{"start":{"line":3,"column":0},"end":{"line":3,"column":36}},"3":{"start":{"line":5,"column":0},"end":{"line":5,"column":57}},"4":{"start":{"line":6,"column":0},"end":{"line":6,"column":61}},"5":{"start":{"line":9,"column":0},"end":{"line":12,"column":21}},"6":{"start":{"line":14,"column":0},"end":{"line":14,"column":23}}},"branchMap":{}},"/root/COLLABO/studentrant-api/middlewares/validator.js":{"path":"/root/COLLABO/studentrant-api/middlewares/validator.js","s":{"1":1,"2":1,"3":1,"4":1,"5":5,"6":1,"7":4,"8":1,"9":3,"10":1,"11":2,"12":1,"13":1,"14":7,"15":1,"16":6,"17":1,"18":5},"b":{"1":[1,4],"2":[1,3],"3":[1,2],"4":[1,1],"5":[1,6],"6":[1,5]},"f":{"1":5,"2":7},"fnMap":{"1":{"name":"(anonymous_1)","line":6,"loc":{"start":{"line":6,"column":28},"end":{"line":6,"column":43}}},"2":{"name":"(anonymous_2)","line":17,"loc":{"start":{"line":17,"column":28},"end":{"line":17,"column":43}}}},"statementMap":{"1":{"start":{"line":1,"column":0},"end":{"line":1,"column":34}},"2":{"start":{"line":2,"column":0},"end":{"line":2,"column":43}},"3":{"start":{"line":3,"column":0},"end":{"line":3,"column":47}},"4":{"start":{"line":5,"column":0},"end":{"line":24,"column":2}},"5":{"start":{"line":7,"column":1},"end":{"line":8,"column":117}},"6":{"start":{"line":8,"column":5},"end":{"line":8,"column":117}},"7":{"start":{"line":9,"column":1},"end":{"line":10,"column":116}},"8":{"start":{"line":10,"column":5},"end":{"line":10,"column":116}},"9":{"start":{"line":11,"column":1},"end":{"line":12,"column":117}},"10":{"start":{"line":12,"column":5},"end":{"line":12,"column":117}},"11":{"start":{"line":13,"column":1},"end":{"line":14,"column":119}},"12":{"start":{"line":14,"column":5},"end":{"line":14,"column":119}},"13":{"start":{"line":15,"column":1},"end":{"line":15,"column":15}},"14":{"start":{"line":18,"column":1},"end":{"line":19,"column":116}},"15":{"start":{"line":19,"column":5},"end":{"line":19,"column":116}},"16":{"start":{"line":20,"column":1},"end":{"line":21,"column":116}},"17":{"start":{"line":21,"column":5},"end":{"line":21,"column":116}},"18":{"start":{"line":22,"column":1},"end":{"line":22,"column":15}}},"branchMap":{"1":{"line":7,"type":"if","locations":[{"start":{"line":7,"column":1},"end":{"line":7,"column":1}},{"start":{"line":7,"column":1},"end":{"line":7,"column":1}}]},"2":{"line":9,"type":"if","locations":[{"start":{"line":9,"column":1},"end":{"line":9,"column":1}},{"start":{"line":9,"column":1},"end":{"line":9,"column":1}}]},"3":{"line":11,"type":"if","locations":[{"start":{"line":11,"column":1},"end":{"line":11,"column":1}},{"start":{"line":11,"column":1},"end":{"line":11,"column":1}}]},"4":{"line":13,"type":"if","locations":[{"start":{"line":13,"column":1},"end":{"line":13,"column":1}},{"start":{"line":13,"column":1},"end":{"line":13,"column":1}}]},"5":{"line":18,"type":"if","locations":[{"start":{"line":18,"column":1},"end":{"line":18,"column":1}},{"start":{"line":18,"column":1},"end":{"line":18,"column":1}}]},"6":{"line":20,"type":"if","locations":[{"start":{"line":20,"column":1},"end":{"line":20,"column":1}},{"start":{"line":20,"column":1},"end":{"line":20,"column":1}}]}}},"/root/COLLABO/studentrant-api/constants/index.js":{"path":"/root/COLLABO/studentrant-api/constants/index.js","s":{"1":1},"b":{},"f":{},"fnMap":{},"statementMap":{"1":{"start":{"line":3,"column":0},"end":{"line":6,"column":2}}},"branchMap":{}},"/root/COLLABO/studentrant-api/constants/login.constants.js":{"path":"/root/COLLABO/studentrant-api/constants/login.constants.js","s":{"1":1},"b":{},"f":{},"fnMap":{},"statementMap":{"1":{"start":{"line":1,"column":0},"end":{"line":9,"column":2}}},"branchMap":{}},"/root/COLLABO/studentrant-api/constants/register.constants.js":{"path":"/root/COLLABO/studentrant-api/constants/register.constants.js","s":{"1":1},"b":{},"f":{},"fnMap":{},"statementMap":{"1":{"start":{"line":1,"column":0},"end":{"line":3,"column":2}}},"branchMap":{}},"/root/COLLABO/studentrant-api/utils/index.js":{"path":"/root/COLLABO/studentrant-api/utils/index.js","s":{"1":1},"b":{},"f":{},"fnMap":{},"statementMap":{"1":{"start":{"line":1,"column":0},"end":{"line":4,"column":2}}},"branchMap":{}},"/root/COLLABO/studentrant-api/utils/passwordUtils.js":{"path":"/root/COLLABO/studentrant-api/utils/passwordUtils.js","s":{"1":1,"2":1,"3":1,"4":0,"5":0,"6":0,"7":0,"8":0,"9":0,"10":0,"11":0},"b":{"1":[0,0]},"f":{"1":0,"2":0},"fnMap":{"1":{"name":"(anonymous_1)","line":9,"loc":{"start":{"line":9,"column":23},"end":{"line":9,"column":34}}},"2":{"name":"(anonymous_2)","line":17,"loc":{"start":{"line":17,"column":29},"end":{"line":17,"column":64}}}},"statementMap":{"1":{"start":{"line":3,"column":0},"end":{"line":3,"column":35}},"2":{"start":{"line":4,"column":0},"end":{"line":4,"column":43}},"3":{"start":{"line":6,"column":0},"end":{"line":26,"column":2}},"4":{"start":{"line":10,"column":1},"end":{"line":14,"column":2}},"5":{"start":{"line":11,"column":5},"end":{"line":11,"column":78}},"6":{"start":{"line":13,"column":5},"end":{"line":13,"column":14}},"7":{"start":{"line":18,"column":1},"end":{"line":24,"column":2}},"8":{"start":{"line":19,"column":5},"end":{"line":20,"column":14}},"9":{"start":{"line":20,"column":2},"end":{"line":20,"column":14}},"10":{"start":{"line":21,"column":5},"end":{"line":21,"column":18}},"11":{"start":{"line":23,"column":5},"end":{"line":23,"column":14}}},"branchMap":{"1":{"line":19,"type":"if","locations":[{"start":{"line":19,"column":5},"end":{"line":19,"column":5}},{"start":{"line":19,"column":5},"end":{"line":19,"column":5}}]}}},"/root/COLLABO/studentrant-api/models/dbmodels/index.js":{"path":"/root/COLLABO/studentrant-api/models/dbmodels/index.js","s":{"1":1},"b":{},"f":{},"fnMap":{},"statementMap":{"1":{"start":{"line":1,"column":0},"end":{"line":3,"column":2}}},"branchMap":{}},"/root/COLLABO/studentrant-api/models/dbmodels/User.js":{"path":"/root/COLLABO/studentrant-api/models/dbmodels/User.js","s":{"1":1,"2":1,"3":1},"b":{},"f":{},"fnMap":{},"statementMap":{"1":{"start":{"line":1,"column":0},"end":{"line":1,"column":37}},"2":{"start":{"line":14,"column":0},"end":{"line":38,"column":3}},"3":{"start":{"line":40,"column":0},"end":{"line":40,"column":53}}},"branchMap":{}}}