TN:
SF:/root/COLLABO/studentrant-api/__test__/login.test.js
FNF:0
FNH:0
DA:3,1
DA:4,1
DA:5,1
DA:8,1
DA:11,1
DA:12,1
DA:13,1
DA:14,1
DA:18,1
DA:19,1
DA:20,1
LF:11
LH:11
BRF:0
BRH:0
end_of_record
TN:
SF:/root/COLLABO/studentrant-api/server.js
FNF:0
FNH:0
DA:3,1
DA:5,1
DA:6,1
DA:7,1
DA:9,1
DA:12,1
DA:15,1
DA:19,1
DA:24,1
DA:25,1
DA:29,1
LF:11
LH:11
BRDA:12,1,0,1
BRDA:12,1,1,1
BRF:2
BRH:2
end_of_record
TN:
SF:/root/COLLABO/studentrant-api/models/con.js
FNF:0
FNH:0
DA:1,1
DA:2,1
DA:4,1
DA:19,1
DA:22,1
DA:24,1
DA:26,1
DA:30,1
DA:32,1
LF:9
LH:9
BRDA:19,1,0,1
BRDA:19,1,1,1
BRF:2
BRH:2
end_of_record
TN:
SF:/root/COLLABO/studentrant-api/config.js
FNF:0
FNH:0
DA:1,1
DA:5,1
DA:69,1
DA:70,0
DA:71,0
DA:72,0
DA:74,0
DA:75,0
DA:76,0
DA:77,0
DA:78,0
DA:81,1
DA:82,1
DA:83,1
DA:84,1
DA:89,1
DA:101,1
DA:105,1
DA:106,1
LF:19
LH:11
BRDA:69,1,0,0
BRDA:69,1,1,1
BRDA:81,2,0,1
BRDA:81,2,1,0
BRF:4
BRH:2
end_of_record
TN:
SF:/root/COLLABO/studentrant-api/routes/index.js
FNF:0
FNH:0
DA:3,1
LF:1
LH:1
BRF:0
BRH:0
end_of_record
TN:
SF:/root/COLLABO/studentrant-api/routes/login/index.js
FNF:0
FNH:0
DA:2,1
DA:3,1
DA:5,1
DA:8,1
DA:10,1
LF:5
LH:5
BRF:0
BRH:0
end_of_record
TN:
SF:/root/COLLABO/studentrant-api/constants/index.js
FNF:0
FNH:0
DA:3,1
LF:1
LH:1
BRF:0
BRH:0
end_of_record
TN:
SF:/root/COLLABO/studentrant-api/constants/login.constants.js
FNF:0
FNH:0
DA:1,1
LF:1
LH:1
BRF:0
BRH:0
end_of_record
