TN:
SF:/root/COLLABO/studentrant-api/__test__/login.test.js
FNF:0
FNH:0
DA:3,1
DA:4,1
DA:5,1
DA:8,1
DA:11,1
DA:12,1
DA:13,1
DA:17,1
DA:18,1
DA:19,1
DA:23,1
DA:24,1
DA:28,1
DA:29,1
DA:30,1
DA:34,1
DA:35,1
DA:39,1
DA:40,1
DA:41,1
DA:45,1
DA:46,1
DA:50,1
DA:51,1
DA:52,1
DA:56,1
DA:57,1
DA:61,1
DA:62,1
DA:63,1
DA:67,1
DA:68,1
DA:72,1
DA:73,1
DA:74,1
DA:78,1
DA:79,1
DA:83,1
DA:84,1
DA:85,1
LF:40
LH:40
BRF:0
BRH:0
end_of_record
TN:
SF:/root/COLLABO/studentrant-api/server.js
FNF:0
FNH:0
DA:3,1
DA:4,1
DA:5,1
DA:6,1
DA:7,1
DA:8,1
DA:9,1
DA:10,1
DA:12,1
DA:13,1
DA:24,1
DA:27,1
DA:28,1
DA:31,1
DA:36,1
DA:37,1
DA:41,1
LF:17
LH:17
BRDA:24,1,0,1
BRDA:24,1,1,1
BRF:2
BRH:2
end_of_record
TN:
SF:/root/COLLABO/studentrant-api/models/con.js
FNF:0
FNH:0
DA:1,1
DA:2,1
DA:4,1
DA:18,1
DA:21,1
DA:23,1
DA:25,1
DA:29,1
DA:31,1
LF:9
LH:9
BRDA:18,1,0,1
BRDA:18,1,1,0
BRF:2
BRH:1
end_of_record
TN:
SF:/root/COLLABO/studentrant-api/config.js
FNF:0
FNH:0
DA:1,1
DA:5,1
DA:73,1
DA:74,0
DA:75,0
DA:76,0
DA:78,0
DA:79,0
DA:80,0
DA:81,0
DA:82,0
DA:85,1
DA:86,1
DA:87,1
DA:88,1
DA:93,1
DA:105,1
DA:110,1
LF:18
LH:10
BRDA:73,1,0,0
BRDA:73,1,1,1
BRDA:85,2,0,1
BRDA:85,2,1,0
BRF:4
BRH:2
end_of_record
TN:
SF:/root/COLLABO/studentrant-api/routes/index.js
FNF:0
FNH:0
DA:3,1
LF:1
LH:1
BRF:0
BRH:0
end_of_record
TN:
SF:/root/COLLABO/studentrant-api/routes/login/index.js
FNF:0
FNH:0
DA:2,1
DA:3,1
DA:5,1
DA:6,1
DA:9,1
DA:14,1
LF:6
LH:6
BRF:0
BRH:0
end_of_record
TN:
SF:/root/COLLABO/studentrant-api/middlewares/validator.js
FN:6,(anonymous_1)
FN:17,(anonymous_2)
FNF:2
FNH:2
FNDA:5,(anonymous_1)
FNDA:7,(anonymous_2)
DA:1,1
DA:2,1
DA:3,1
DA:5,1
DA:7,5
DA:8,1
DA:9,4
DA:10,1
DA:11,3
DA:12,1
DA:13,2
DA:14,1
DA:15,1
DA:18,7
DA:19,1
DA:20,6
DA:21,1
DA:22,5
LF:18
LH:18
BRDA:7,1,0,1
BRDA:7,1,1,4
BRDA:9,2,0,1
BRDA:9,2,1,3
BRDA:11,3,0,1
BRDA:11,3,1,2
BRDA:13,4,0,1
BRDA:13,4,1,1
BRDA:18,5,0,1
BRDA:18,5,1,6
BRDA:20,6,0,1
BRDA:20,6,1,5
BRF:12
BRH:12
end_of_record
TN:
SF:/root/COLLABO/studentrant-api/constants/index.js
FNF:0
FNH:0
DA:3,1
LF:1
LH:1
BRF:0
BRH:0
end_of_record
TN:
SF:/root/COLLABO/studentrant-api/constants/login.constants.js
FNF:0
FNH:0
DA:1,1
LF:1
LH:1
BRF:0
BRH:0
end_of_record
TN:
SF:/root/COLLABO/studentrant-api/constants/register.constants.js
FNF:0
FNH:0
DA:1,1
LF:1
LH:1
BRF:0
BRH:0
end_of_record
TN:
SF:/root/COLLABO/studentrant-api/utils/index.js
FNF:0
FNH:0
DA:1,1
LF:1
LH:1
BRF:0
BRH:0
end_of_record
TN:
SF:/root/COLLABO/studentrant-api/utils/passwordUtils.js
FN:9,(anonymous_1)
FN:17,(anonymous_2)
FNF:2
FNH:0
FNDA:0,(anonymous_1)
FNDA:0,(anonymous_2)
DA:3,1
DA:4,1
DA:6,1
DA:10,0
DA:11,0
DA:13,0
DA:18,0
DA:19,0
DA:20,0
DA:21,0
DA:23,0
LF:11
LH:3
BRDA:19,1,0,0
BRDA:19,1,1,0
BRF:2
BRH:0
end_of_record
TN:
SF:/root/COLLABO/studentrant-api/models/dbmodels/index.js
FNF:0
FNH:0
DA:1,1
LF:1
LH:1
BRF:0
BRH:0
end_of_record
TN:
SF:/root/COLLABO/studentrant-api/models/dbmodels/User.js
FNF:0
FNH:0
DA:1,1
DA:14,1
DA:40,1
LF:3
LH:3
BRF:0
BRH:0
end_of_record
